Arguments: 
  C:\Program Files\nodejs\node.exe C:\Users\EasyTech\AppData\Roaming\npm\node_modules\yarn\bin\yarn.js add apollo-server-express express graphql reflect-metadata typegraphql

PATH: 
  C:\cmder\vendor\conemu-maximus5\ConEmu\Scripts;C:\cmder\vendor\conemu-maximus5;C:\cmder\vendor\conemu-maximus5\ConEmu;C:\Program Files\Common Files\Oracle\Java\javapath;c:\Program Files (x86)\Intel\iCLS Client\;c:\Program Files\Intel\iCLS Client\;C:\Program Files (x86)\Common Files\Oracle\Java\javapath;C:\Windows\system32;C:\Windows;C:\Windows\System32\Wbem;C:\Windows\System32\WindowsPowerShell\v1.0\;c:\Program Files\Intel\Intel(R) Management Engine Components\DAL;c:\Program Files (x86)\Intel\Intel(R) Management Engine Components\DAL;c:\Program Files\Intel\Intel(R) Management Engine Components\IPT;c:\Program Files (x86)\Intel\Intel(R) Management Engine Components\IPT;C:\Program Files\Intel\WiFi\bin\;C:\Program Files\Common Files\Intel\WirelessCommon\;C:\Program Files\nodejs\;C:\Program Files\Git\cmd;C:\Program Files\Intel\WiFi\bin\;C:\Program Files\Common Files\Intel\WirelessCommon\;C:\Users\EasyTech\AppData\Roaming\npm;C:\Users\EasyTech\AppData\Local\Programs\Microsoft VS Code\bin;C:\Program Files\Docker Toolbox;C:\Program Files\JetBrains\IntelliJ IDEA Community Edition 2021.1\bin;C:\Program Files\Docker Toolbox;C:\Program Files\heroku\bin;C:\Program Files\Git\mingw64\bin;C:\Program Files\Git\usr\bin;C:\cmder\vendor\bin;C:\cmder

Yarn version: 
  1.22.10

Node version: 
  12.13.0

Platform: 
  win32 x64

Trace: 
  Error: https://registry.yarnpkg.com/typegraphql: Not found
      at Request.params.callback [as _callback] (C:\Users\EasyTech\AppData\Roaming\npm\node_modules\yarn\lib\cli.js:66988:18)
      at Request.self.callback (C:\Users\EasyTech\AppData\Roaming\npm\node_modules\yarn\lib\cli.js:140662:22)
      at Request.emit (events.js:210:5)
      at Request.<anonymous> (C:\Users\EasyTech\AppData\Roaming\npm\node_modules\yarn\lib\cli.js:141634:10)
      at Request.emit (events.js:210:5)
      at IncomingMessage.<anonymous> (C:\Users\EasyTech\AppData\Roaming\npm\node_modules\yarn\lib\cli.js:141556:12)
      at Object.onceWrapper (events.js:299:28)
      at IncomingMessage.emit (events.js:215:7)
      at endReadableNT (_stream_readable.js:1183:12)
      at processTicksAndRejections (internal/process/task_queues.js:80:21)

npm manifest: 
  {
    "name": "api-typegraphql",
    "version": "1.0.0",
    "main": "index.js",
    "license": "MIT"
  }

yarn manifest: 
  No manifest

Lockfile: 
  No lockfile
